C:\USERS\SOTIRIS\DESKTOP\GRIDLAB-D-CODE-5154-TRUNK\RESIDENTIAL\WIN32\DEBUG\RESIDENTIAL\APP.RES
C:\USERS\SOTIRIS\DESKTOP\GRIDLAB-D-CODE-5154-TRUNK\RESIDENTIAL\WIN32\DEBUG\RESIDENTIAL\APPLIANCE.OBJ
C:\USERS\SOTIRIS\DESKTOP\GRIDLAB-D-CODE-5154-TRUNK\RESIDENTIAL\WIN32\DEBUG\RESIDENTIAL\CLOTHESWASHER.OBJ
C:\USERS\SOTIRIS\DESKTOP\GRIDLAB-D-CODE-5154-TRUNK\RESIDENTIAL\WIN32\DEBUG\RESIDENTIAL\DISHWASHER.OBJ
C:\USERS\SOTIRIS\DESKTOP\GRIDLAB-D-CODE-5154-TRUNK\RESIDENTIAL\WIN32\DEBUG\RESIDENTIAL\DRYER.OBJ
C:\USERS\SOTIRIS\DESKTOP\GRIDLAB-D-CODE-5154-TRUNK\RESIDENTIAL\WIN32\DEBUG\RESIDENTIAL\EVCHARGER.OBJ
C:\USERS\SOTIRIS\DESKTOP\GRIDLAB-D-CODE-5154-TRUNK\RESIDENTIAL\WIN32\DEBUG\RESIDENTIAL\EVCHARGER_DET.OBJ
C:\USERS\SOTIRIS\DESKTOP\GRIDLAB-D-CODE-5154-TRUNK\RESIDENTIAL\WIN32\DEBUG\RESIDENTIAL\FREEZER.OBJ
C:\USERS\SOTIRIS\DESKTOP\GRIDLAB-D-CODE-5154-TRUNK\RESIDENTIAL\WIN32\DEBUG\RESIDENTIAL\HOUSE_A.OBJ
C:\USERS\SOTIRIS\DESKTOP\GRIDLAB-D-CODE-5154-TRUNK\RESIDENTIAL\WIN32\DEBUG\RESIDENTIAL\HOUSE_E.OBJ
C:\USERS\SOTIRIS\DESKTOP\GRIDLAB-D-CODE-5154-TRUNK\RESIDENTIAL\WIN32\DEBUG\RESIDENTIAL\INIT.OBJ
C:\USERS\SOTIRIS\DESKTOP\GRIDLAB-D-CODE-5154-TRUNK\RESIDENTIAL\WIN32\DEBUG\RESIDENTIAL\LIGHTS.OBJ
C:\USERS\SOTIRIS\DESKTOP\GRIDLAB-D-CODE-5154-TRUNK\RESIDENTIAL\WIN32\DEBUG\RESIDENTIAL\MAIN.OBJ
C:\USERS\SOTIRIS\DESKTOP\GRIDLAB-D-CODE-5154-TRUNK\RESIDENTIAL\WIN32\DEBUG\RESIDENTIAL\MICROWAVE.OBJ
C:\USERS\SOTIRIS\DESKTOP\GRIDLAB-D-CODE-5154-TRUNK\RESIDENTIAL\WIN32\DEBUG\RESIDENTIAL\OCCUPANTLOAD.OBJ
C:\USERS\SOTIRIS\DESKTOP\GRIDLAB-D-CODE-5154-TRUNK\RESIDENTIAL\WIN32\DEBUG\RESIDENTIAL\PLUGLOAD.OBJ
C:\USERS\SOTIRIS\DESKTOP\GRIDLAB-D-CODE-5154-TRUNK\RESIDENTIAL\WIN32\DEBUG\RESIDENTIAL\RANGE.OBJ
C:\USERS\SOTIRIS\DESKTOP\GRIDLAB-D-CODE-5154-TRUNK\RESIDENTIAL\WIN32\DEBUG\RESIDENTIAL\REFRIGERATOR.OBJ
C:\USERS\SOTIRIS\DESKTOP\GRIDLAB-D-CODE-5154-TRUNK\RESIDENTIAL\WIN32\DEBUG\RESIDENTIAL\RESIDENTIAL.DLL.EMBED.MANIFEST
C:\USERS\SOTIRIS\DESKTOP\GRIDLAB-D-CODE-5154-TRUNK\RESIDENTIAL\WIN32\DEBUG\RESIDENTIAL\RESIDENTIAL.DLL.EMBED.MANIFEST.RES
C:\USERS\SOTIRIS\DESKTOP\GRIDLAB-D-CODE-5154-TRUNK\RESIDENTIAL\WIN32\DEBUG\RESIDENTIAL\RESIDENTIAL.DLL.INTERMEDIATE.MANIFEST
C:\USERS\SOTIRIS\DESKTOP\GRIDLAB-D-CODE-5154-TRUNK\RESIDENTIAL\WIN32\DEBUG\RESIDENTIAL\RESIDENTIAL_ENDUSE.OBJ
C:\USERS\SOTIRIS\DESKTOP\GRIDLAB-D-CODE-5154-TRUNK\RESIDENTIAL\WIN32\DEBUG\RESIDENTIAL\SOLVERS.OBJ
C:\USERS\SOTIRIS\DESKTOP\GRIDLAB-D-CODE-5154-TRUNK\RESIDENTIAL\WIN32\DEBUG\RESIDENTIAL\STDAFX.OBJ
C:\USERS\SOTIRIS\DESKTOP\GRIDLAB-D-CODE-5154-TRUNK\RESIDENTIAL\WIN32\DEBUG\RESIDENTIAL\THERMAL_STORAGE.OBJ
C:\USERS\SOTIRIS\DESKTOP\GRIDLAB-D-CODE-5154-TRUNK\RESIDENTIAL\WIN32\DEBUG\RESIDENTIAL\WATERHEATER.OBJ
C:\USERS\SOTIRIS\DESKTOP\GRIDLAB-D-CODE-5154-TRUNK\RESIDENTIAL\WIN32\DEBUG\RESIDENTIAL\WH_AS_SERVICE.OBJ
C:\USERS\SOTIRIS\DESKTOP\GRIDLAB-D-CODE-5154-TRUNK\RESIDENTIAL\WIN32\DEBUG\RESIDENTIAL\ZIPLOAD.OBJ
C:\USERS\SOTIRIS\DESKTOP\GRIDLAB-D-CODE-5154-TRUNK\VS2005\WIN32\DEBUG\RESIDENTIAL.DLL
C:\Users\sotiris\Desktop\gridlab-d-code-5154-trunk\VS2005\Win32\Debug\residential.exp
C:\USERS\SOTIRIS\DESKTOP\GRIDLAB-D-CODE-5154-TRUNK\VS2005\WIN32\DEBUG\RESIDENTIAL.ILK
C:\Users\sotiris\Desktop\gridlab-d-code-5154-trunk\VS2005\Win32\Debug\residential.lib
C:\USERS\SOTIRIS\DESKTOP\GRIDLAB-D-CODE-5154-TRUNK\VS2005\WIN32\DEBUG\RESIDENTIAL.PDB
