..\VS2005\Win32\Debug\generators.pdb
C:\Users\sotiris\Desktop\gridlab-d-code-5154-trunk\generators\..\VS2005\Win32\Debug\generators.dll
C:\USERS\SOTIRIS\DESKTOP\GRIDLAB-D-CODE-5154-TRUNK\GENERATORS\WIN32\DEBUG\GENERATORS\BATTERY.OBJ
C:\USERS\SOTIRIS\DESKTOP\GRIDLAB-D-CODE-5154-TRUNK\GENERATORS\WIN32\DEBUG\GENERATORS\CENTRAL_DG_CONTROL.OBJ
C:\USERS\SOTIRIS\DESKTOP\GRIDLAB-D-CODE-5154-TRUNK\GENERATORS\WIN32\DEBUG\GENERATORS\DC_DC_CONVERTER.OBJ
C:\USERS\SOTIRIS\DESKTOP\GRIDLAB-D-CODE-5154-TRUNK\GENERATORS\WIN32\DEBUG\GENERATORS\DIESEL_DG.OBJ
C:\USERS\SOTIRIS\DESKTOP\GRIDLAB-D-CODE-5154-TRUNK\GENERATORS\WIN32\DEBUG\GENERATORS\ENERGY_STORAGE.OBJ
C:\USERS\SOTIRIS\DESKTOP\GRIDLAB-D-CODE-5154-TRUNK\GENERATORS\WIN32\DEBUG\GENERATORS\GENERATORS.DLL.EMBED.MANIFEST
C:\USERS\SOTIRIS\DESKTOP\GRIDLAB-D-CODE-5154-TRUNK\GENERATORS\WIN32\DEBUG\GENERATORS\GENERATORS.DLL.EMBED.MANIFEST.RES
C:\USERS\SOTIRIS\DESKTOP\GRIDLAB-D-CODE-5154-TRUNK\GENERATORS\WIN32\DEBUG\GENERATORS\INIT.OBJ
C:\USERS\SOTIRIS\DESKTOP\GRIDLAB-D-CODE-5154-TRUNK\GENERATORS\WIN32\DEBUG\GENERATORS\INVERTER.OBJ
C:\USERS\SOTIRIS\DESKTOP\GRIDLAB-D-CODE-5154-TRUNK\GENERATORS\WIN32\DEBUG\GENERATORS\MAIN.OBJ
C:\USERS\SOTIRIS\DESKTOP\GRIDLAB-D-CODE-5154-TRUNK\GENERATORS\WIN32\DEBUG\GENERATORS\MICRO_SERVICE.OBJ
C:\USERS\SOTIRIS\DESKTOP\GRIDLAB-D-CODE-5154-TRUNK\GENERATORS\WIN32\DEBUG\GENERATORS\MICROTURBINE.OBJ
C:\USERS\SOTIRIS\DESKTOP\GRIDLAB-D-CODE-5154-TRUNK\GENERATORS\WIN32\DEBUG\GENERATORS\POWER_ELECTRONICS.OBJ
C:\USERS\SOTIRIS\DESKTOP\GRIDLAB-D-CODE-5154-TRUNK\GENERATORS\WIN32\DEBUG\GENERATORS\RECTIFIER.OBJ
C:\USERS\SOTIRIS\DESKTOP\GRIDLAB-D-CODE-5154-TRUNK\GENERATORS\WIN32\DEBUG\GENERATORS\SOLAR.OBJ
C:\USERS\SOTIRIS\DESKTOP\GRIDLAB-D-CODE-5154-TRUNK\GENERATORS\WIN32\DEBUG\GENERATORS\SOLAR_SERVICE.OBJ
C:\USERS\SOTIRIS\DESKTOP\GRIDLAB-D-CODE-5154-TRUNK\GENERATORS\WIN32\DEBUG\GENERATORS\STDAFX.OBJ
C:\USERS\SOTIRIS\DESKTOP\GRIDLAB-D-CODE-5154-TRUNK\GENERATORS\WIN32\DEBUG\GENERATORS\WIND_SERVICE.OBJ
C:\USERS\SOTIRIS\DESKTOP\GRIDLAB-D-CODE-5154-TRUNK\GENERATORS\WIN32\DEBUG\GENERATORS\WINDTURB_DG.OBJ
C:\Users\sotiris\Desktop\gridlab-d-code-5154-trunk\VS2005\Win32\Debug\generators.exp
C:\Users\sotiris\Desktop\gridlab-d-code-5154-trunk\VS2005\Win32\Debug\generators.lib
