..\VS2005\Win32\Debug\market.ilk
..\VS2005\Win32\Debug\market.pdb
C:\Users\sotiris\Desktop\gridlab-d-code-5154-trunk\market\..\VS2005\Win32\Debug\market.dll
C:\USERS\SOTIRIS\DESKTOP\GRIDLAB-D-CODE-5154-TRUNK\MARKET\WIN32\DEBUG\MARKET\.NETFRAMEWORK,VERSION=V4.0.ASSEMBLYATTRIBUTES.OBJ
C:\USERS\SOTIRIS\DESKTOP\GRIDLAB-D-CODE-5154-TRUNK\MARKET\WIN32\DEBUG\MARKET\ASSEMBLYINFO.OBJ
C:\USERS\SOTIRIS\DESKTOP\GRIDLAB-D-CODE-5154-TRUNK\MARKET\WIN32\DEBUG\MARKET\AUCTION.OBJ
C:\USERS\SOTIRIS\DESKTOP\GRIDLAB-D-CODE-5154-TRUNK\MARKET\WIN32\DEBUG\MARKET\BID.OBJ
C:\USERS\SOTIRIS\DESKTOP\GRIDLAB-D-CODE-5154-TRUNK\MARKET\WIN32\DEBUG\MARKET\CONTROLLER.OBJ
C:\USERS\SOTIRIS\DESKTOP\GRIDLAB-D-CODE-5154-TRUNK\MARKET\WIN32\DEBUG\MARKET\CONTROLLER_SERVICE.OBJ
C:\USERS\SOTIRIS\DESKTOP\GRIDLAB-D-CODE-5154-TRUNK\MARKET\WIN32\DEBUG\MARKET\CURVE.OBJ
C:\USERS\SOTIRIS\DESKTOP\GRIDLAB-D-CODE-5154-TRUNK\MARKET\WIN32\DEBUG\MARKET\DOUBLE_CONTROLLER.OBJ
C:\USERS\SOTIRIS\DESKTOP\GRIDLAB-D-CODE-5154-TRUNK\MARKET\WIN32\DEBUG\MARKET\GENERATOR_CONTROLLER.OBJ
C:\USERS\SOTIRIS\DESKTOP\GRIDLAB-D-CODE-5154-TRUNK\MARKET\WIN32\DEBUG\MARKET\INIT.OBJ
C:\USERS\SOTIRIS\DESKTOP\GRIDLAB-D-CODE-5154-TRUNK\MARKET\WIN32\DEBUG\MARKET\MAIN.OBJ
C:\USERS\SOTIRIS\DESKTOP\GRIDLAB-D-CODE-5154-TRUNK\MARKET\WIN32\DEBUG\MARKET\MARKET.DLL.EMBED.MANIFEST
C:\USERS\SOTIRIS\DESKTOP\GRIDLAB-D-CODE-5154-TRUNK\MARKET\WIN32\DEBUG\MARKET\MARKET.DLL.EMBED.MANIFEST.RES
C:\USERS\SOTIRIS\DESKTOP\GRIDLAB-D-CODE-5154-TRUNK\MARKET\WIN32\DEBUG\MARKET\MARKET.DLL.INTERMEDIATE.MANIFEST
C:\USERS\SOTIRIS\DESKTOP\GRIDLAB-D-CODE-5154-TRUNK\MARKET\WIN32\DEBUG\MARKET\PASSIVE_CONTROLLER.OBJ
C:\USERS\SOTIRIS\DESKTOP\GRIDLAB-D-CODE-5154-TRUNK\MARKET\WIN32\DEBUG\MARKET\STDAFX.OBJ
C:\USERS\SOTIRIS\DESKTOP\GRIDLAB-D-CODE-5154-TRUNK\MARKET\WIN32\DEBUG\MARKET\STUB_BIDDER.OBJ
C:\USERS\SOTIRIS\DESKTOP\GRIDLAB-D-CODE-5154-TRUNK\MARKET\WIN32\DEBUG\MARKET\STUBAUCTION.OBJ
C:\USERS\SOTIRIS\DESKTOP\GRIDLAB-D-CODE-5154-TRUNK\MARKET\WIN32\DEBUG\MARKET\VC100.PDB
C:\USERS\SOTIRIS\DESKTOP\GRIDLAB-D-CODE-5154-TRUNK\VS2005\WIN32\DEBUG\MARKET.DLL
C:\Users\sotiris\Desktop\gridlab-d-code-5154-trunk\VS2005\Win32\Debug\market.exp
C:\USERS\SOTIRIS\DESKTOP\GRIDLAB-D-CODE-5154-TRUNK\VS2005\WIN32\DEBUG\MARKET.ILK
C:\Users\sotiris\Desktop\gridlab-d-code-5154-trunk\VS2005\Win32\Debug\market.lib
C:\USERS\SOTIRIS\DESKTOP\GRIDLAB-D-CODE-5154-TRUNK\VS2005\WIN32\DEBUG\MARKET.PDB
